This is pdfTeX, Version 3.14159265-2.6-1.40.19 (MiKTeX 2.9.6630 64-bit) (preloaded format=pdflatex 2018.5.20)  23 MAR 2020 09:02
entering extended mode
**./MetOffice_report.tex
(MetOffice_report.tex
LaTeX2e <2017-04-15>
Babel <3.18> and hyphenation patterns for 75 language(s) loaded.
("C:\MiKTeX 2.9\tex\latex\base\article.cls"
Document Class: article 2014/09/29 v1.4h Standard LaTeX document class
("C:\MiKTeX 2.9\tex\latex\base\size11.clo"
File: size11.clo 2014/09/29 v1.4h Standard LaTeX file (size option)
)
\c@part=\count79
\c@section=\count80
\c@subsection=\count81
\c@subsubsection=\count82
\c@paragraph=\count83
\c@subparagraph=\count84
\c@figure=\count85
\c@table=\count86
\abovecaptionskip=\skip41
\belowcaptionskip=\skip42
\bibindent=\dimen102
)
("C:\MiKTeX 2.9\tex\latex\amsmath\amsmath.sty"
Package: amsmath 2017/09/02 v2.17a AMS math features
\@mathmargin=\skip43

For additional information on amsmath, use the `?' option.
("C:\MiKTeX 2.9\tex\latex\amsmath\amstext.sty"
Package: amstext 2000/06/29 v2.01 AMS text

("C:\MiKTeX 2.9\tex\latex\amsmath\amsgen.sty"
File: amsgen.sty 1999/11/30 v2.0 generic functions
\@emptytoks=\toks14
\ex@=\dimen103
))
("C:\MiKTeX 2.9\tex\latex\amsmath\amsbsy.sty"
Package: amsbsy 1999/11/29 v1.2d Bold Symbols
\pmbraise@=\dimen104
)
("C:\MiKTeX 2.9\tex\latex\amsmath\amsopn.sty"
Package: amsopn 2016/03/08 v2.02 operator names
)
\inf@bad=\count87
LaTeX Info: Redefining \frac on input line 213.
\uproot@=\count88
\leftroot@=\count89
LaTeX Info: Redefining \overline on input line 375.
\classnum@=\count90
\DOTSCASE@=\count91
LaTeX Info: Redefining \ldots on input line 472.
LaTeX Info: Redefining \dots on input line 475.
LaTeX Info: Redefining \cdots on input line 596.
\Mathstrutbox@=\box26
\strutbox@=\box27
\big@size=\dimen105
LaTeX Font Info:    Redeclaring font encoding OML on input line 712.
LaTeX Font Info:    Redeclaring font encoding OMS on input line 713.
\macc@depth=\count92
\c@MaxMatrixCols=\count93
\dotsspace@=\muskip10
\c@parentequation=\count94
\dspbrk@lvl=\count95
\tag@help=\toks15
\row@=\count96
\column@=\count97
\maxfields@=\count98
\andhelp@=\toks16
\eqnshift@=\dimen106
\alignsep@=\dimen107
\tagshift@=\dimen108
\tagwidth@=\dimen109
\totwidth@=\dimen110
\lineht@=\dimen111
\@envbody=\toks17
\multlinegap=\skip44
\multlinetaggap=\skip45
\mathdisplay@stack=\toks18
LaTeX Info: Redefining \[ on input line 2817.
LaTeX Info: Redefining \] on input line 2818.
)
("C:\MiKTeX 2.9\tex\latex\blindtext\blindtext.sty"
Package: blindtext 2012/01/06 V2.0 blindtext-Package

("C:\MiKTeX 2.9\tex\latex\tools\xspace.sty"
Package: xspace 2014/10/28 v1.13 Space after command names (DPC,MH)
)
\c@blindtext=\count99
\c@Blindtext=\count100
\c@blind@countparstart=\count101
\blind@countxx=\count102
\blindtext@numBlindtext=\count103
\blind@countyy=\count104
\c@blindlist=\count105
\c@blindlistlevel=\count106
\c@blindlist@level=\count107
\blind@listitem=\count108
\c@blind@listcount=\count109
\c@blind@levelcount=\count110
\blind@mathformula=\count111
\blind@Mathformula=\count112
\c@blind@randomcount=\count113
\c@blind@randommax=\count114
\c@blind@pangramcount=\count115
\c@blind@pangrammax=\count116
)
("C:\MiKTeX 2.9\tex\latex\graphics\graphicx.sty"
Package: graphicx 2017/06/01 v1.1a Enhanced LaTeX Graphics (DPC,SPQR)

("C:\MiKTeX 2.9\tex\latex\graphics\keyval.sty"
Package: keyval 2014/10/28 v1.15 key=value parser (DPC)
\KV@toks@=\toks19
)
("C:\MiKTeX 2.9\tex\latex\graphics\graphics.sty"
Package: graphics 2017/06/25 v1.2c Standard LaTeX Graphics (DPC,SPQR)

("C:\MiKTeX 2.9\tex\latex\graphics\trig.sty"
Package: trig 2016/01/03 v1.10 sin cos tan (DPC)
)
("C:\MiKTeX 2.9\tex\latex\graphics-cfg\graphics.cfg"
File: graphics.cfg 2016/06/04 v1.11 sample graphics configuration
)
Package graphics Info: Driver file: pdftex.def on input line 99.

("C:\MiKTeX 2.9\tex\latex\graphics-def\pdftex.def"
File: pdftex.def 2018/01/08 v1.0l Graphics/color driver for pdftex
))
\Gin@req@height=\dimen112
\Gin@req@width=\dimen113
)
("C:\MiKTeX 2.9\tex\latex\caption\caption.sty"
Package: caption 2018/05/01 v3.3-147 Customizing captions (AR)

("C:\MiKTeX 2.9\tex\latex\caption\caption3.sty"
Package: caption3 2018/05/27 v1.8a caption3 kernel (AR)
Package caption3 Info: TeX engine: e-TeX on input line 64.
\captionmargin=\dimen114
\captionmargin@=\dimen115
\captionwidth=\dimen116
\caption@tempdima=\dimen117
\caption@indent=\dimen118
\caption@parindent=\dimen119
\caption@hangindent=\dimen120
)
\c@ContinuedFloat=\count117
)
("C:\Program Files\latex\MiKTeX 2.9\tex\latex\booktabs\booktabs.sty"
Package: booktabs 2005/04/14 v1.61803 publication quality tables
\heavyrulewidth=\dimen121
\lightrulewidth=\dimen122
\cmidrulewidth=\dimen123
\belowrulesep=\dimen124
\belowbottomsep=\dimen125
\aboverulesep=\dimen126
\abovetopsep=\dimen127
\cmidrulesep=\dimen128
\cmidrulekern=\dimen129
\defaultaddspace=\dimen130
\@cmidla=\count118
\@cmidlb=\count119
\@aboverulesep=\dimen131
\@belowrulesep=\dimen132
\@thisruleclass=\count120
\@lastruleclass=\count121
\@thisrulewidth=\dimen133
)
("C:\MiKTeX 2.9\tex\latex\url\url.sty"
\Urlmuskip=\muskip11
Package: url 2013/09/16  ver 3.4  Verb mode for urls, etc.
)
("C:\MiKTeX 2.9\tex\latex\abstract\abstract.sty"
Package: abstract 2009/06/08 v1.2a configurable abstracts
\abstitleskip=\skip46
\absleftindent=\skip47
\absrightindent=\skip48
\absparindent=\skip49
\absparsep=\skip50
)
("C:\MiKTeX 2.9\tex\latex\wasysym\wasysym.sty"
Package: wasysym 2020/01/19 v2.4 Wasy-2 symbol support package
\symwasy=\mathgroup4
LaTeX Font Info:    Overwriting symbol font `wasy' in version `bold'
(Font)                  U/wasy/m/n --> U/wasy/b/n on input line 93.
)
("C:\MiKTeX 2.9\tex\latex\geometry\geometry.sty"
Package: geometry 2018/04/16 v5.8 Page Geometry

("C:\MiKTeX 2.9\tex\generic\oberdiek\ifpdf.sty"
Package: ifpdf 2017/03/15 v3.2 Provides the ifpdf switch
)
("C:\MiKTeX 2.9\tex\generic\oberdiek\ifvtex.sty"
Package: ifvtex 2016/05/16 v1.6 Detect VTeX and its facilities (HO)
Package ifvtex Info: VTeX not detected.
)
("C:\MiKTeX 2.9\tex\generic\ifxetex\ifxetex.sty"
Package: ifxetex 2010/09/12 v0.6 Provides ifxetex conditional
)
\Gm@cnth=\count122
\Gm@cntv=\count123
\c@Gm@tempcnt=\count124
\Gm@bindingoffset=\dimen134
\Gm@wd@mp=\dimen135
\Gm@odd@mp=\dimen136
\Gm@even@mp=\dimen137
\Gm@layoutwidth=\dimen138
\Gm@layoutheight=\dimen139
\Gm@layouthoffset=\dimen140
\Gm@layoutvoffset=\dimen141
\Gm@dimlist=\toks20

("C:\MiKTeX 2.9\tex\latex\geometry\geometry.cfg"))
("C:\MiKTeX 2.9\tex\latex\comment\comment.sty"
\CommentStream=\write3
 Excluding comment 'comment')
("C:\MiKTeX 2.9\tex\latex\changepage\changepage.sty"
Package: changepage 2009/10/20 v1.0c check page and change page layout
\c@cp@cntr=\count125
\cp@tempcnt=\count126
)
("C:\MiKTeX 2.9\tex\latex\listings\listings.sty"
\lst@mode=\count127
\lst@gtempboxa=\box28
\lst@token=\toks21
\lst@length=\count128
\lst@currlwidth=\dimen142
\lst@column=\count129
\lst@pos=\count130
\lst@lostspace=\dimen143
\lst@width=\dimen144
\lst@newlines=\count131
\lst@lineno=\count132
\lst@maxwidth=\dimen145

("C:\MiKTeX 2.9\tex\latex\listings\lstmisc.sty"
File: lstmisc.sty 2019/09/10 1.8c (Carsten Heinz)
\c@lstnumber=\count133
\lst@skipnumbers=\count134
\lst@framebox=\box29
)
("C:\MiKTeX 2.9\tex\latex\listings\listings.cfg"
File: listings.cfg 2019/09/10 1.8c listings configuration
))
Package: listings 2019/09/10 1.8c (Carsten Heinz)

("C:\MiKTeX 2.9\tex\latex\cite\cite.sty"
LaTeX Info: Redefining \cite on input line 302.
LaTeX Info: Redefining \nocite on input line 332.
Package: cite 2015/02/27  v 5.5
) (MetOffice_report.aux)
\openout1 = `MetOffice_report.aux'.

LaTeX Font Info:    Checking defaults for OML/cmm/m/it on input line 71.
LaTeX Font Info:    ... okay on input line 71.
LaTeX Font Info:    Checking defaults for T1/cmr/m/n on input line 71.
LaTeX Font Info:    ... okay on input line 71.
LaTeX Font Info:    Checking defaults for OT1/cmr/m/n on input line 71.
LaTeX Font Info:    ... okay on input line 71.
LaTeX Font Info:    Checking defaults for OMS/cmsy/m/n on input line 71.
LaTeX Font Info:    ... okay on input line 71.
LaTeX Font Info:    Checking defaults for OMX/cmex/m/n on input line 71.
LaTeX Font Info:    ... okay on input line 71.
LaTeX Font Info:    Checking defaults for U/cmr/m/n on input line 71.
LaTeX Font Info:    ... okay on input line 71.

("C:\MiKTeX 2.9\tex\context\base\supp-pdf.mkii"
[Loading MPS to PDF converter (version 2006.09.02).]
\scratchcounter=\count135
\scratchdimen=\dimen146
\scratchbox=\box30
\nofMPsegments=\count136
\nofMParguments=\count137
\everyMPshowfont=\toks22
\MPscratchCnt=\count138
\MPscratchDim=\dimen147
\MPnumerator=\count139
\makeMPintoPDFobject=\count140
\everyMPtoPDFconversion=\toks23
) ("C:\MiKTeX 2.9\tex\latex\oberdiek\epstopdf-base.sty"
Package: epstopdf-base 2016/05/15 v2.6 Base part for package epstopdf

("C:\MiKTeX 2.9\tex\generic\oberdiek\infwarerr.sty"
Package: infwarerr 2016/05/16 v1.4 Providing info/warning/error messages (HO)
)
("C:\MiKTeX 2.9\tex\latex\oberdiek\grfext.sty"
Package: grfext 2016/05/16 v1.2 Manage graphics extensions (HO)

("C:\MiKTeX 2.9\tex\generic\oberdiek\kvdefinekeys.sty"
Package: kvdefinekeys 2016/05/16 v1.4 Define keys (HO)

("C:\MiKTeX 2.9\tex\generic\oberdiek\ltxcmds.sty"
Package: ltxcmds 2016/05/16 v1.23 LaTeX kernel commands for general use (HO)
)))
("C:\MiKTeX 2.9\tex\latex\oberdiek\kvoptions.sty"
Package: kvoptions 2016/05/16 v3.12 Key value format for package options (HO)

("C:\MiKTeX 2.9\tex\generic\oberdiek\kvsetkeys.sty"
Package: kvsetkeys 2016/05/16 v1.17 Key value parser (HO)

("C:\MiKTeX 2.9\tex\generic\oberdiek\etexcmds.sty"
Package: etexcmds 2016/05/16 v1.6 Avoid name clashes with e-TeX commands (HO)

("C:\MiKTeX 2.9\tex\generic\oberdiek\ifluatex.sty"
Package: ifluatex 2016/05/16 v1.4 Provides the ifluatex switch (HO)
Package ifluatex Info: LuaTeX not detected.
)
Package etexcmds Info: Could not find \expanded.
(etexcmds)             That can mean that you are not using pdfTeX 1.50 or
(etexcmds)             that some package has redefined \expanded.
(etexcmds)             In the latter case, load this package earlier.
)))
("C:\MiKTeX 2.9\tex\generic\oberdiek\pdftexcmds.sty"
Package: pdftexcmds 2018/01/30 v0.27 Utility functions of pdfTeX for LuaTeX (HO
)
Package pdftexcmds Info: LuaTeX not detected.
Package pdftexcmds Info: \pdf@primitive is available.
Package pdftexcmds Info: \pdf@ifprimitive is available.
Package pdftexcmds Info: \pdfdraftmode found.
)
Package epstopdf-base Info: Redefining graphics rule for `.eps' on input line 4
38.
Package grfext Info: Graphics extension search list:
(grfext)             [.pdf,.png,.jpg,.mps,.jpeg,.jbig2,.jb2,.PDF,.PNG,.JPG,.JPE
G,.JBIG2,.JB2,.eps]
(grfext)             \AppendGraphicsExtensions on input line 456.
)
Package caption Info: Begin \AtBeginDocument code.
Package caption Info: listings package is loaded.
Package caption Info: End \AtBeginDocument code.

*geometry* driver: auto-detecting
*geometry* detected driver: pdftex
*geometry* verbose mode - [ preamble ] result:
* driver: pdftex
* paper: <default>
* layout: <same size as paper>
* layoutoffset:(h,v)=(0.0pt,0.0pt)
* modes: 
* h-part:(L,W,R)=(28.90755pt, 556.4799pt, 28.90755pt)
* v-part:(T,H,B)=(28.90755pt, 737.15489pt, 28.90755pt)
* \paperwidth=614.295pt
* \paperheight=794.96999pt
* \textwidth=556.4799pt
* \textheight=737.15489pt
* \oddsidemargin=-43.36244pt
* \evensidemargin=-43.36244pt
* \topmargin=-80.36244pt
* \headheight=12.0pt
* \headsep=25.0pt
* \topskip=11.0pt
* \footskip=25.0pt
* \marginparwidth=59.0pt
* \marginparsep=10.0pt
* \columnsep=21.33955pt
* \skip\footins=10.0pt plus 4.0pt minus 2.0pt
* \hoffset=0.0pt
* \voffset=0.0pt
* \mag=1000
* \@twocolumnfalse
* \@twosidefalse
* \@mparswitchfalse
* \@reversemarginfalse
* (1in=72.27pt=25.4mm, 1cm=28.453pt)

\c@lstlisting=\count141
[1

{C:/Users/Matt/AppData/Local/MiKTeX/2.9/pdftex/config/pdftex.map}]
LaTeX Font Info:    Try loading font information for U+wasy on input line 104.

("C:\MiKTeX 2.9\tex\latex\wasysym\uwasy.fd"
File: uwasy.fd 2020/01/19 v2.4 Wasy-2 symbol font definitions
) [1

] (MetOffice_report.toc)
\tf@toc=\write4
\openout4 = `MetOffice_report.toc'.


[2]
Overfull \hbox (6.11934pt too wide) in paragraph at lines 134--135
\OT1/cmr/m/n/10.95 matic De-pen-dent Surveil-lance Broad-casts (ADS-B). These
 []

Missing character: There is no Â in font cmr10!
Missing character: There is no £ in font cmr10!
[1

]
<"aircraft_axes".jpg, id=23, 567.62062pt x 347.79938pt>
File: "aircraft_axes".jpg Graphic file (type jpg)
<use "aircraft_axes".jpg>
Package pdftex.def Info: "aircraft_axes".jpg  used on input line 156.
(pdftex.def)             Requested size: 261.10864pt x 159.98965pt.
<"bank_turn".jpg, id=24, 508.90125pt x 309.40594pt>
File: "bank_turn".jpg Graphic file (type jpg)
<use "bank_turn".jpg>
Package pdftex.def Info: "bank_turn".jpg  used on input line 194.
(pdftex.def)             Requested size: 274.80258pt x 167.0767pt.

Overfull \hbox (7.2324pt too wide) in paragraph at lines 194--195
 [][] 
 []


LaTeX Warning: `h' float specifier changed to `ht'.

[2 <./aircraft_axes.jpg>]
<"runway".jpg, id=29, 682.04813pt x 313.9228pt>
File: "runway".jpg Graphic file (type jpg)
<use "runway".jpg>
Package pdftex.def Info: "runway".jpg  used on input line 236.
(pdftex.def)             Requested size: 259.18098pt x 119.2919pt.


LaTeX Warning: `h' float specifier changed to `ht'.


Overfull \hbox (7.73145pt too wide) in paragraph at lines 242--243
\OT1/cmr/m/n/10.95 the in-com-ing air-craft from the Uni-ver-sity of Ex-eter Ph
ysics
 []

[3 <./bank_turn.jpg>]
Overfull \hbox (11.12675pt too wide) in paragraph at lines 244--245
\OT1/cmr/m/n/10.95 the data was per-formed. A python based mod-ule `OpenCV'
 []


Overfull \hbox (4.4453pt too wide) in paragraph at lines 280--281
\OT1/cmr/m/n/10.95 the op-ti-cal and ADS-B data from the air-craft `TOM3KM'.
 []

[4 <./runway.jpg>]
<"TOM3KM_total_roll".pdf, id=40, 462.52798pt x 346.89601pt>
File: "TOM3KM_total_roll".pdf Graphic file (type pdf)
<use "TOM3KM_total_roll".pdf>
Package pdftex.def Info: "TOM3KM_total_roll".pdf  used on input line 285.
(pdftex.def)             Requested size: 286.76437pt x 215.0733pt.

Overfull \hbox (19.1942pt too wide) in paragraph at lines 285--286
 [][] 
 []

<"long_lat".pdf, id=41, 462.52798pt x 346.89601pt>
File: "long_lat".pdf Graphic file (type pdf)
<use "long_lat".pdf>
Package pdftex.def Info: "long_lat".pdf  used on input line 294.
(pdftex.def)             Requested size: 286.76437pt x 215.0733pt.

Overfull \hbox (19.1942pt too wide) in paragraph at lines 294--295
 [][] 
 []


LaTeX Warning: `h' float specifier changed to `ht'.


Overfull \hbox (1.58725pt too wide) in paragraph at lines 299--300
\OT1/cmr/m/n/10.95 scribed in Sec-tion 2[] and they cor-re-spond with the chang
es
 []

<"TOM3KM_combined_roll7".pdf, id=42, 462.52798pt x 346.89601pt>
File: "TOM3KM_combined_roll7".pdf Graphic file (type pdf)
<use "TOM3KM_combined_roll7".pdf>
Package pdftex.def Info: "TOM3KM_combined_roll7".pdf  used on input line 305.
(pdftex.def)             Requested size: 286.76437pt x 215.0733pt.

Overfull \hbox (19.1942pt too wide) in paragraph at lines 305--306
 [][] 
 []

[5 <./TOM3KM_total_roll.pdf> <./long_lat.pdf

pdfTeX warning: pdflatex (file ./long_lat.pdf): PDF inclusion: multiple pdfs wi
th page group included in a single page
> <./TOM3KM_combined_roll7.pdf

pdfTeX warning: pdflatex (file ./TOM3KM_combined_roll7.pdf): PDF inclusion: mul
tiple pdfs with page group included in a single page
>]
<"Gaussian Graph7".pdf, id=183, 462.52798pt x 346.89601pt>
File: "Gaussian Graph7".pdf Graphic file (type pdf)
<use "Gaussian Graph7".pdf>
Package pdftex.def Info: "Gaussian Graph7".pdf  used on input line 318.
(pdftex.def)             Requested size: 286.76437pt x 215.0733pt.

Overfull \hbox (19.1942pt too wide) in paragraph at lines 318--319
 [][] 
 []


LaTeX Warning: `h' float specifier changed to `ht'.

<"observation_pos".JPG, id=184, 444.15938pt x 298.11375pt>
File: "observation_pos".JPG Graphic file (type jpg)
<use "observation_pos".JPG>
Package pdftex.def Info: "observation_pos".JPG  used on input line 329.
(pdftex.def)             Requested size: 266.49767pt x 178.86963pt.

LaTeX Warning: `h' float specifier changed to `ht'.

[6 <./Gaussian Graph7.pdf>]
<"wind_direction".JPG, id=235, 310.91156pt x 175.40532pt>
File: "wind_direction".JPG Graphic file (type jpg)
<use "wind_direction".JPG>
Package pdftex.def Info: "wind_direction".JPG  used on input line 339.
(pdftex.def)             Requested size: 217.6366pt x 122.78287pt.


LaTeX Warning: `h' float specifier changed to `ht'.

[7 <./observation_pos.JPG> <./wind_direction.JPG>] [8

]
Underfull \hbox (badness 10000) in paragraph at lines 363--364
\OT1/cmtt/m/n/10.95 https : / / www . metoffice . gov . uk / services /
 []


Underfull \hbox (badness 1297) in paragraph at lines 364--365
[]\OT1/cmr/m/n/10.95 `How valu-able is the Met Of-fice?', 20$[]$ March
 []


Underfull \hbox (badness 3758) in paragraph at lines 365--366
[]\OT1/cmr/m/n/10.95 `Europe ADS-B Man-date Com-ing June 2020',
 []


Underfull \hbox (badness 1694) in paragraph at lines 365--366
\OT1/cmr/m/n/10.95 20$[]$ March 2020, $\OT1/cmtt/m/n/10.95 https : / / www . ai
nonline . com /
 []


Underfull \hbox (badness 10000) in paragraph at lines 365--366
\OT1/cmtt/m/n/10.95 aviation-[]news / business-[]aviation / 2019-[]05-[]19 /
 []


Underfull \hbox (badness 5548) in paragraph at lines 371--372
[]\OT1/cmr/m/n/10.95 `flightradar24: Ex-eter Air-port Ar-rivals', 6$[]$
 []


Underfull \hbox (badness 5245) in paragraph at lines 371--372
\OT1/cmr/m/n/10.95 March 2020, $\OT1/cmtt/m/n/10.95 https : / / www . flightrad
ar24 . com /
 []

[9

] ("C:\MiKTeX 2.9\tex\latex\listings\lstlang1.sty"
File: lstlang1.sty 2019/09/10 1.8c listings language file
)
LaTeX Font Info:    Try loading font information for OMS+cmr on input line 408.


("C:\MiKTeX 2.9\tex\latex\base\omscmr.fd"
File: omscmr.fd 2014/09/29 v2.5h Standard LaTeX font definitions
)
LaTeX Font Info:    Font shape `OMS/cmr/m/n' in size <9> not available
(Font)              Font shape `OMS/cmsy/m/n' tried instead on input line 408.
 [10

] [11] [12] (MetOffice_report.aux) ) 
Here is how much of TeX's memory you used:
 5930 strings out of 493305
 85549 string characters out of 3136285
 380190 words of memory out of 3000000
 9372 multiletter control sequences out of 15000+200000
 13777 words of font info for 51 fonts, out of 3000000 for 9000
 1141 hyphenation exceptions out of 8191
 41i,7n,42p,1716b,1661s stack positions out of 5000i,500n,10000p,200000b,50000s
<C:/MiKTeX 2.9/fonts/type1/public/amsfonts/
cm/cmbx10.pfb><C:/MiKTeX 2.9/fonts/type1/public/amsfonts/cm/cmbx12.pfb><C:/MiKT
eX 2.9/fonts/type1/public/amsfonts/cm/cmbx9.pfb><C:/MiKTeX 2.9/fonts/type1/publ
ic/amsfonts/cm/cmex10.pfb><C:/MiKTeX 2.9/fonts/type1/public/amsfonts/cm/cmmi10.
pfb><C:/MiKTeX 2.9/fonts/type1/public/amsfonts/cm/cmmi6.pfb><C:/MiKTeX 2.9/font
s/type1/public/amsfonts/cm/cmmi7.pfb><C:/MiKTeX 2.9/fonts/type1/public/amsfonts
/cm/cmmi8.pfb><C:/MiKTeX 2.9/fonts/type1/public/amsfonts/cm/cmr10.pfb><C:/MiKTe
X 2.9/fonts/type1/public/amsfonts/cm/cmr7.pfb><C:/MiKTeX 2.9/fonts/type1/public
/amsfonts/cm/cmr8.pfb><C:/MiKTeX 2.9/fonts/type1/public/amsfonts/cm/cmr9.pfb><C
:/MiKTeX 2.9/fonts/type1/public/amsfonts/cm/cmsy10.pfb><C:/MiKTeX 2.9/fonts/typ
e1/public/amsfonts/cm/cmsy7.pfb><C:/MiKTeX 2.9/fonts/type1/public/amsfonts/cm/c
msy8.pfb><C:/MiKTeX 2.9/fonts/type1/public/amsfonts/cm/cmsy9.pfb><C:/MiKTeX 2.9
/fonts/type1/public/amsfonts/cm/cmti10.pfb><C:/MiKTeX 2.9/fonts/type1/public/am
sfonts/cm/cmti9.pfb><C:/MiKTeX 2.9/fonts/type1/public/amsfonts/cm/cmtt10.pfb>
Output written on MetOffice_report.pdf (15 pages, 624559 bytes).
PDF statistics:
 320 PDF objects out of 1000 (max. 8388607)
 0 named destinations out of 1000 (max. 500000)
 46 words of extra memory for PDF output out of 10000 (max. 10000000)

